Build started 8/15/2015 4:49:42 PM.
     1>Project "C:\Programiranje\GameEngine\GameEngine\GameEngine.vcxproj" on node 2 (Build target(s)).
     1>ClCompile:
         C:\Program Files (x86)\Microsoft Visual Studio 12.0\VC\bin\CL.exe /c /I.\include /ZI /nologo /W3 /WX- /sdl- /Od /Oy- /D _MBCS /Gm /EHsc /RTC1 /MDd /GS /fp:precise /Zc:wchar_t /Zc:forScope /Fo"Debug\\" /Fd"Debug\vc120.pdb" /Gd /TP /analyze- /errorReport:prompt RenderEngine.cpp main.cpp
         RenderEngine.cpp
     1>c:\programiranje\gameengine\gameengine\utilities.h(54): warning C4101: 'e' : unreferenced local variable
     1>c:\programiranje\gameengine\gameengine\utilities.h(65): warning C4101: 'e' : unreferenced local variable
         Generating Code...
         Compiling...
         main.cpp
     1>c:\programiranje\gameengine\gameengine\utilities.h(54): warning C4101: 'e' : unreferenced local variable
     1>c:\programiranje\gameengine\gameengine\utilities.h(65): warning C4101: 'e' : unreferenced local variable
     1>c:\programiranje\gameengine\gameengine\testgame.h(25): warning C4316: 'TestState' : object allocated on the heap may not be aligned 16
         Generating Code...
       Link:
         C:\Program Files (x86)\Microsoft Visual Studio 12.0\VC\bin\link.exe /ERRORREPORT:PROMPT /OUT:"C:\Programiranje\GameEngine\Debug\GameEngine.exe" /INCREMENTAL /NOLOGO /LIBPATH:.\libs glew32.lib glew32s.lib glfw3.lib glfw3dll.lib OpenGL32.lib kernel32.lib user32.lib gdi32.lib winspool.lib comdlg32.lib advapi32.lib shell32.lib ole32.lib oleaut32.lib uuid.lib odbc32.lib odbccp32.lib /MANIFEST /MANIFESTUAC:"level='asInvoker' uiAccess='false'" /manifest:embed /DEBUG /PDB:"C:\Programiranje\GameEngine\Debug\GameEngine.pdb" /TLBID:1 /DYNAMICBASE /NXCOMPAT /IMPLIB:"C:\Programiranje\GameEngine\Debug\GameEngine.lib" /MACHINE:X86 Debug\Camera.obj
         Debug\CoreEngine.obj
         Debug\Display.obj
         Debug\InputManager.obj
         Debug\main.obj
         Debug\Mesh.obj
         Debug\obj_loader.obj
         Debug\RenderEngine.obj
         Debug\Shader.obj
         Debug\stb_image.obj
         Debug\Texture.obj
         GameEngine.vcxproj -> C:\Programiranje\GameEngine\Debug\GameEngine.exe
     1>Done Building Project "C:\Programiranje\GameEngine\GameEngine\GameEngine.vcxproj" (Build target(s)).

Build succeeded.

Time Elapsed 00:00:01.88
